2018-03-23 10:40:39,468 [Worker-7] INFO  o.e.m.c.i.l.LifecycleMappingFactory - Using org.maven.ide.eclipse.wtp.WarLifecycleMapping lifecycle mapping for MavenProject: com.joyread:JoyRead:0.0.1-SNAPSHOT @ D:\JoyRead-master\Background\pom.xml.
2018-03-23 10:40:39,468 [Worker-3] INFO  o.e.m.c.i.l.LifecycleMappingFactory - Using org.maven.ide.eclipse.wtp.WarLifecycleMapping lifecycle mapping for MavenProject: com.joyread:JoyRead:0.0.1-SNAPSHOT @ D:\JoyRead-master\Background\pom.xml.
2018-03-23 10:40:44,197 [Worker-7] WARN  o.e.m.c.i.embedder.EclipseLogger - Using platform encoding (GBK actually) to copy filtered resources, i.e. build is platform dependent!
2018-03-23 10:40:44,208 [Worker-7] INFO  o.e.m.c.i.embedder.EclipseLogger - Copying 5 resources
2018-03-23 10:40:44,242 [Worker-7] WARN  o.e.m.c.i.embedder.EclipseLogger - Using platform encoding (GBK actually) to copy filtered resources, i.e. build is platform dependent!
2018-03-23 10:40:44,250 [Worker-7] INFO  o.e.m.c.i.embedder.EclipseLogger - Copying 0 resource
2018-03-23 10:40:45,507 [Worker-0] INFO  o.e.m.c.i.l.LifecycleMappingFactory - Using org.maven.ide.eclipse.wtp.WarLifecycleMapping lifecycle mapping for MavenProject: com.joyread:JoyRead:0.0.1-SNAPSHOT @ D:\JoyRead-master\Background\pom.xml.
2018-03-23 10:40:47,341 [Worker-0] WARN  o.e.m.c.i.embedder.EclipseLogger - Using platform encoding (GBK actually) to copy filtered resources, i.e. build is platform dependent!
2018-03-23 10:40:47,358 [Worker-0] INFO  o.e.m.c.i.embedder.EclipseLogger - Copying 5 resources
2018-03-23 10:40:47,380 [Worker-0] WARN  o.e.m.c.i.embedder.EclipseLogger - Using platform encoding (GBK actually) to copy filtered resources, i.e. build is platform dependent!
2018-03-23 10:40:47,388 [Worker-0] INFO  o.e.m.c.i.embedder.EclipseLogger - Copying 0 resource
2018-03-25 14:31:34,697 [Worker-18] WARN  o.e.m.c.i.embedder.EclipseLogger - Using platform encoding (GBK actually) to copy filtered resources, i.e. build is platform dependent!
2018-03-25 14:31:34,753 [Worker-18] INFO  o.e.m.c.i.embedder.EclipseLogger - Copying 5 resources
2018-03-25 14:31:34,771 [Worker-18] WARN  o.e.m.c.i.embedder.EclipseLogger - Using platform encoding (GBK actually) to copy filtered resources, i.e. build is platform dependent!
2018-03-25 14:31:34,778 [Worker-18] INFO  o.e.m.c.i.embedder.EclipseLogger - Copying 0 resource
2018-03-25 14:32:10,824 [Worker-12] INFO  o.e.m.i.launch.MavenLaunchDelegate - D:\GitHub_JoyRead\JoyRead\Background
2018-03-25 14:32:10,825 [Worker-12] INFO  o.e.m.i.launch.MavenLaunchDelegate -  mvn -B install
2018-03-25 14:32:14,529 [Worker-0] WARN  o.e.m.c.i.embedder.EclipseLogger - Using platform encoding (GBK actually) to copy filtered resources, i.e. build is platform dependent!
2018-03-25 14:32:14,546 [Worker-0] INFO  o.e.m.c.i.embedder.EclipseLogger - Copying 5 resources
2018-03-25 14:32:14,548 [Worker-0] WARN  o.e.m.c.i.embedder.EclipseLogger - Using platform encoding (GBK actually) to copy filtered resources, i.e. build is platform dependent!
2018-03-25 14:32:14,563 [Worker-0] INFO  o.e.m.c.i.embedder.EclipseLogger - Copying 0 resource
2018-03-25 14:32:46,737 [Worker-4] INFO  o.e.m.i.launch.MavenLaunchDelegate - D:\GitHub_JoyRead\JoyRead\Background
2018-03-25 14:32:46,738 [Worker-4] INFO  o.e.m.i.launch.MavenLaunchDelegate -  mvn -B install
2018-03-25 14:32:52,728 [Worker-19] WARN  o.e.m.c.i.embedder.EclipseLogger - Using platform encoding (GBK actually) to copy filtered resources, i.e. build is platform dependent!
2018-03-25 14:32:52,776 [Worker-19] INFO  o.e.m.c.i.embedder.EclipseLogger - Copying 0 resource
2018-03-25 14:32:52,778 [Worker-19] WARN  o.e.m.c.i.embedder.EclipseLogger - Using platform encoding (GBK actually) to copy filtered resources, i.e. build is platform dependent!
2018-03-25 14:32:52,795 [Worker-19] INFO  o.e.m.c.i.embedder.EclipseLogger - Copying 0 resource
2018-03-25 14:33:55,531 [Worker-12] INFO  o.e.m.i.launch.MavenLaunchDelegate - D:\GitHub_JoyRead\JoyRead\Background
2018-03-25 14:33:55,532 [Worker-12] INFO  o.e.m.i.launch.MavenLaunchDelegate -  mvn -B install
2018-03-25 14:34:00,641 [Worker-1] WARN  o.e.m.c.i.embedder.EclipseLogger - Using platform encoding (GBK actually) to copy filtered resources, i.e. build is platform dependent!
2018-03-25 14:34:00,657 [Worker-1] INFO  o.e.m.c.i.embedder.EclipseLogger - Copying 0 resource
2018-03-25 14:34:00,659 [Worker-1] WARN  o.e.m.c.i.embedder.EclipseLogger - Using platform encoding (GBK actually) to copy filtered resources, i.e. build is platform dependent!
2018-03-25 14:34:00,673 [Worker-1] INFO  o.e.m.c.i.embedder.EclipseLogger - Copying 0 resource
2018-03-25 14:40:33,228 [Worker-3] WARN  o.e.m.c.i.embedder.EclipseLogger - Using platform encoding (GBK actually) to copy filtered resources, i.e. build is platform dependent!
2018-03-25 14:40:33,471 [Worker-3] INFO  o.e.m.c.i.embedder.EclipseLogger - Copying 5 resources
2018-03-25 14:40:33,482 [Worker-3] WARN  o.e.m.c.i.embedder.EclipseLogger - Using platform encoding (GBK actually) to copy filtered resources, i.e. build is platform dependent!
2018-03-25 14:40:33,764 [Worker-3] INFO  o.e.m.c.i.embedder.EclipseLogger - Copying 0 resource
2018-03-25 14:40:42,712 [Worker-18] INFO  o.e.m.i.launch.MavenLaunchDelegate - D:\GitHub_JoyRead\JoyRead\Background
2018-03-25 14:40:42,713 [Worker-18] INFO  o.e.m.i.launch.MavenLaunchDelegate -  mvn -B install
2018-03-25 14:40:52,076 [Worker-0] INFO  o.e.m.i.launch.MavenLaunchDelegate - D:\GitHub_JoyRead\JoyRead\Background
2018-03-25 14:40:52,076 [Worker-0] INFO  o.e.m.i.launch.MavenLaunchDelegate -  mvn -B install
2018-03-25 14:40:57,134 [Worker-17] WARN  o.e.m.c.i.embedder.EclipseLogger - Using platform encoding (GBK actually) to copy filtered resources, i.e. build is platform dependent!
2018-03-25 14:40:57,144 [Worker-17] INFO  o.e.m.c.i.embedder.EclipseLogger - Copying 5 resources
2018-03-25 14:40:57,146 [Worker-17] WARN  o.e.m.c.i.embedder.EclipseLogger - Using platform encoding (GBK actually) to copy filtered resources, i.e. build is platform dependent!
2018-03-25 14:40:57,153 [Worker-17] INFO  o.e.m.c.i.embedder.EclipseLogger - Copying 0 resource
